##==+====1====+====2====+====3====+====4====+====5====+====6====+====7====+====8
##
[..]$ MANPATH=/opt/local/share/man man g++-mp-4.7
##
[ bueller @ PRISM1 :: test-lambda ]$ /opt/local/bin/g++-mp-4.7 -dumpmachine
x86_64-apple-darwin12


[ bueller @ PRISM1 :: test-lambda ]$ which g++
/usr/bin/g++
[ bueller @ PRISM1 :: test-lambda ]$ /usr/bin/g++ --version
i686-apple-darwin11-llvm-g++-4.2 (GCC) 4.2.1 (Based on Apple Inc. build 5658) (LLVM build 2336.11.00)
Copyright (C) 2007 Free Software Foundation, Inc.
This is free software; see the source for copying conditions.  There is NO
warranty; not even for MERCHANTABILITY or FITNESS FOR A PARTICULAR PURPOSE.

[ bueller @ PRISM1 :: test-lambda ]$ 
[ bueller @ PRISM1 :: test-lambda ]$ /opt/local/bin/g++-mp-4.
g++-mp-4.5  g++-mp-4.7  
[ bueller @ PRISM1 :: test-lambda ]$ /opt/local/bin/g++-mp-4.7 --version
g++-mp-4.7 (MacPorts gcc47 4.7.2_2) 4.7.2
Copyright (C) 2012 Free Software Foundation, Inc.
This is free software; see the source for copying conditions.  There is NO
warranty; not even for MERCHANTABILITY or FITNESS FOR A PARTICULAR PURPOSE.

*asm:
-arch %(darwin_arch) -force_cpusubtype_ALL   %{static}

*asm_debug:
%{g*:%{!g0:%{gstabs:--gstabs}}}

*asm_final:


*asm_options:
%{-target-help:%:print-asm-header()} %{v} %{w:-W} %{I*} %a %Y %{c:%W{o*}%{!o*:-o %w%b%O}}%{!c:-o %d%w%u%O}

*invoke_as:
%{!fwpa:   %{fcompare-debug=*|fdump-final-insns=*:%:compare-debug-dump-opt()}   %{!S:-o %|.s |
 as %(asm_options) %m.s %A }  }

*cpp:
%{static:%{!dynamic:-D__STATIC__}}%{!static:-D__DYNAMIC__} %{pthread:-D_REENTRANT}

*cpp_options:
%(cpp_unique_options) %1 %{m*} %{std*&ansi&trigraphs} %{W*&pedantic*} %{w} %{f*} %{g*:%{!g0:%{g*} %{!fno-working-directory:-fworking-directory}}} %{O*} %{undef} %{save-temps*:-fpch-preprocess}

*cpp_debug_options:
%{d*}

*cpp_unique_options:
%{!Q:-quiet} %{nostdinc*} %{C} %{CC} %{v} %{I*&F*} %{P} %I %{MD:-MD %{!o:%b.d}%{o*:%.d%*}} %{MMD:-MMD %{!o:%b.d}%{o*:%.d%*}} %{M} %{MM} %{MF*} %{MG} %{MP} %{MQ*} %{MT*} %{!E:%{!M:%{!MM:%{!MT:%{!MQ:%{MD|MMD:%{o*:-MQ %*}}}}}}} %{remap} %{g3|ggdb3|gstabs3|gcoff3|gxcoff3|gvms3:-dD} %{!iplugindir*:%{fplugin*:%:find-plugindir()}} %{H} %C %{D*&U*&A*} %{i*} %Z %i %{fmudflap:-D_MUDFLAP -include mf-runtime.h} %{fmudflapth:-D_MUDFLAP -D_MUDFLAPTH -include mf-runtime.h} %{E|M|MM:%W{o*}}

*trad_capable_cpp:
cc1 -E %{traditional|traditional-cpp:-traditional-cpp}

*cc1:
%(cc1_cpu)   %{!mkernel:%{!static:%{!mdynamic-no-pic:-fPIC}}}   %{!mmacosx-version-min=*:-mmacosx-version-min=%(darwin_minversion)}   %{g: %{!fno-eliminate-unused-debug-symbols: -feliminate-unused-debug-symbols }} %{findirect-virtual-calls: -fapple-kext} %<findirect-virtual-calls %{fterminated-vtables: -fapple-kext} %<fterminated-vtables %<filelist* %<framework*

*cc1_options:
%{pg:%{fomit-frame-pointer:%e-pg and -fomit-frame-pointer are incompatible}} %{!iplugindir*:%{fplugin*:%:find-plugindir()}} %1 %{!Q:-quiet} %{!dumpbase:-dumpbase %B} %{d*} %{m*} %{aux-info*} %{fcompare-debug-second:%:compare-debug-auxbase-opt(%b)}  %{!fcompare-debug-second:%{c|S:%{o*:-auxbase-strip %*}%{!o*:-auxbase %b}}}%{!c:%{!S:-auxbase %b}}  %{g*} %{O*} %{W*&pedantic*} %{w} %{std*&ansi&trigraphs} %{v:-version} %{pg:-p} %{p} %{f*} %{undef} %{Qn:-fno-ident} %{Qy:} %{-help:--help} %{-target-help:--target-help} %{-version:--version} %{-help=*:--help=%*} %{!fsyntax-only:%{S:%W{o*}%{!o*:-o %b.s}}} %{fsyntax-only:-o %j} %{-param*} %{fmudflap|fmudflapth:-fno-builtin -fno-merge-constants} %{coverage:-fprofile-arcs -ftest-coverage}

*cc1plus:


*link_gcc_c_sequence:
%:version-compare(>= 10.6 mmacosx-version-min= -no_compact_unwind)    %{!static:%{!static-libgcc:       %:version-compare(>= 10.6 mmacosx-version-min= -lSystem) } }    %{fno-pic|fno-PIC|fno-pie|fno-PIE|fapple-kext|mkernel|static|mdynamic-no-pic:       %:version-compare(>= 10.7 mmacosx-version-min= -no_pie) } %G %L

*link_ssp:
%{fstack-protector:}

*endfile:
%{Ofast|ffast-math|funsafe-math-optimizations:crtfastmath.o%s}    %{mpc32:crtprec32.o%s}    %{mpc64:crtprec64.o%s}    %{mpc80:crtprec80.o%s}    %{fgnu-tm: -lcrttme.o}

*link:
%{static}%{!static:-dynamic}    %:remove-outfile(-ldl)    %:remove-outfile(-lm)    %:remove-outfile(-lpthread)    %{fgnu-runtime: %{static|static-libgcc:                      %:replace-outfile(-lobjc libobjc-gnu.a%s);                     :%:replace-outfile(-lobjc -lobjc-gnu ) } }   %{static|static-libgcc|static-libgfortran:%:replace-outfile(-lgfortran libgfortran.a%s)}   %{static|static-libgcc|static-libstdc++|static-libgfortran:%:replace-outfile(-lgomp libgomp.a%s)}   %{static|static-libgcc|static-libstdc++:%:replace-outfile(-lstdc++ libstdc++.a%s)}   %{!Zdynamiclib:      %{Zforce_cpusubtype_ALL:-arch %(darwin_arch) -force_cpusubtype_ALL}      %{!Zforce_cpusubtype_ALL:-arch %(darwin_subarch)}      %{Zbundle:-bundle}      %{Zbundle_loader*:-bundle_loader %*}      %{client_name*}      %{compatibility_version*:%e-compatibility_version only allowed with -dynamiclib}      %{current_version*:%e-current_version only allowed with -dynamiclib}      %{Zforce_flat_namespace:-force_flat_namespace}      %{Zinstall_name*:%e-install_name only allowed with -dynamiclib}      %{keep_private_externs}      %{private_bundle}     }    %{Zdynamiclib: -dylib      %{Zbundle:%e-bundle not allowed with -dynamiclib}      %{Zbundle_loader*:%e-bundle_loader not allowed with -dynamiclib}      %{client_name*:%e-client_name not allowed with -dynamiclib}      %{compatibility_version*:-dylib_compatibility_version %*}      %{current_version*:-dylib_current_version %*}      %{Zforce_cpusubtype_ALL:-arch %(darwin_arch)}      %{!Zforce_cpusubtype_ALL: -arch %(darwin_subarch)}      %{Zforce_flat_namespace:%e-force_flat_namespace not allowed with -dynamiclib}      %{Zinstall_name*:-dylib_install_name %*}      %{keep_private_externs:%e-keep_private_externs not allowed with -dynamiclib}      %{private_bundle:%e-private_bundle not allowed with -dynamiclib}     }    %{Zall_load:-all_load}    %{Zallowable_client*:-allowable_client %*}    %{Zbind_at_load:-bind_at_load}    %{Zarch_errors_fatal:-arch_errors_fatal}    %{Zdead_strip:-dead_strip}    %{Zno_dead_strip_inits_and_terms:-no_dead_strip_inits_and_terms}    %{Zdylib_file*:-dylib_file %*}    %{Zdynamic:-dynamic}   %{Zexported_symbols_list*:-exported_symbols_list %*}    %{Zflat_namespace:-flat_namespace}    %{headerpad_max_install_names}    %{Zimage_base*:-image_base %*}    %{Zinit*:-init %*}    %{!mmacosx-version-min=*:-macosx_version_min %(darwin_minversion)}    %{mmacosx-version-min=*:-macosx_version_min %*}    %{nomultidefs}    %{Zmulti_module:-multi_module} %{Zsingle_module:-single_module}    %{Zmultiply_defined*:-multiply_defined %*}    %{!Zmultiply_defined*:%{shared-libgcc:      %:version-compare(< 10.5 mmacosx-version-min= -multiply_defined)      %:version-compare(< 10.5 mmacosx-version-min= suppress)}}    %{Zmultiplydefinedunused*:-multiply_defined_unused %*}    %{fpie|pie|fPIE:      %{mdynamic-no-pic: %n'-mdynamic-no-pic' overrides '-pie', '-fpie' or '-fPIE';       :-pie}}    %{prebind} %{noprebind} %{nofixprebinding} %{prebind_all_twolevel_modules}    %{read_only_relocs}    %{sectcreate*} %{sectorder*} %{seg1addr*} %{segprot*}    %{Zsegaddr*:-segaddr %*}    %{Zsegs_read_only_addr*:-segs_read_only_addr %*}    %{Zsegs_read_write_addr*:-segs_read_write_addr %*}    %{Zseg_addr_table*: -seg_addr_table %*}    %{Zfn_seg_addr_table_filename*:-seg_addr_table_filename %*}    %{sub_library*} %{sub_umbrella*}    %{isysroot*:-syslibroot %*}    %{twolevel_namespace} %{twolevel_namespace_hints}    %{Zumbrella*: -umbrella %*}    %{undefined*}    %{Zunexported_symbols_list*:-unexported_symbols_list %*}    %{Zweak_reference_mismatches*:-weak_reference_mismatches %*}    %{!Zweak_reference_mismatches*:-weak_reference_mismatches non-weak}    %{X}    %{y*}    %{w}    %{pagezero_size*} %{segs_read_*} %{seglinkedit} %{noseglinkedit}     %{sectalign*} %{sectobjectsymbols*} %{segcreate*} %{whyload}    %{whatsloaded} %{dylinker_install_name*}    %{dylinker} %{Mach} 

*lib:
%{!static:-lSystem}

*mfwrap:
 %{static: %{fmudflap|fmudflapth:  --wrap=malloc --wrap=free --wrap=calloc --wrap=realloc --wrap=mmap --wrap=mmap64 --wrap=munmap --wrap=alloca} %{fmudflapth: --wrap=pthread_create}} %{fmudflap|fmudflapth: --wrap=main}

*mflib:
%{fmudflap|fmudflapth: -export-dynamic}

*link_gomp:


*libgcc:
%{static-libgcc|static: -lgcc_eh -lgcc;				         shared-libgcc|fexceptions|fgnu-runtime:				          %:version-compare(!> 10.5 mmacosx-version-min= -lgcc_s.10.4)	          %:version-compare(>< 10.5 10.6 mmacosx-version-min= -lgcc_s.10.5)          %:version-compare(!> 10.5 mmacosx-version-min= -lgcc_ext.10.4)	          %:version-compare(>= 10.5 mmacosx-version-min= -lgcc_ext.10.5)	          -lgcc ;								         :%:version-compare(>< 10.3.9 10.5 mmacosx-version-min= -lgcc_s.10.4)        %:version-compare(>< 10.5 10.6 mmacosx-version-min= -lgcc_s.10.5)          %:version-compare(!> 10.5 mmacosx-version-min= -lgcc_ext.10.4)	          %:version-compare(>= 10.5 mmacosx-version-min= -lgcc_ext.10.5)	          -lgcc }

*startfile:
%{Zdynamiclib: %(darwin_dylib1) %{fgnu-tm: -lcrttms.o}}		       %{!Zdynamiclib:%{Zbundle:%{!static:					    	%:version-compare(< 10.6 mmacosx-version-min= -lbundle1.o)	    	%{fgnu-tm: -lcrttms.o}}}					         %{!Zbundle:%{pg:%{static:-lgcrt0.o}				                         %{!static:%{object:-lgcrt0.o}			                                   %{!object:%{preload:-lgcrt0.o}		                                     %{!preload:-lgcrt1.o                                                        %:version-compare(>= 10.8 mmacosx-version-min= -no_new_main)                                  %(darwin_crt2)}}}}                    %{!pg:%{static:-lcrt0.o}				                          %{!static:%{object:-lcrt0.o}			                                    %{!object:%{preload:-lcrt0.o}		                                      %{!preload: %(darwin_crt1)		    					      %(darwin_crt2)}}}}}}	      %{shared-libgcc:%:version-compare(< 10.5 mmacosx-version-min= crt3.o%s)}

*cross_compile:
0

*version:
4.7.2

*multilib:
. ;

*multilib_defaults:


*multilib_extra:


*multilib_matches:


*multilib_exclusions:


*multilib_options:


*linker:
collect2

*linker_plugin_file:


*lto_wrapper:


*lto_gcc:


*link_libgcc:
%D

*md_exec_prefix:


*md_startfile_prefix:


*md_startfile_prefix_1:


*startfile_prefix_spec:


*sysroot_spec:
--sysroot=%R

*sysroot_suffix_spec:


*sysroot_hdrs_suffix_spec:


*self_spec:


*cc1_cpu:
%{march=native:%>march=native %:local_cpu_detect(arch)   %{!mtune=*:%>mtune=native %:local_cpu_detect(tune)}} %{mtune=native:%>mtune=native %:local_cpu_detect(tune)}

*darwin_crt1:
%:version-compare(!> 10.5 mmacosx-version-min= -lcrt1.o)		   %:version-compare(>< 10.5 10.6 mmacosx-version-min= -lcrt1.10.5.o)	   %:version-compare(>< 10.6 10.8 mmacosx-version-min= -lcrt1.10.6.o)	   %{fgnu-tm: -lcrttms.o}

*darwin_dylib1:
%:version-compare(!> 10.5 mmacosx-version-min= -ldylib1.o)		   %:version-compare(>< 10.5 10.6 mmacosx-version-min= -ldylib1.10.5.o)

*darwin_minversion:
%{!m64|fgnu-runtime:10.4;				    ,objective-c|,objc-cpp-output:10.5;			    ,objective-c-header:10.5;				    ,objective-c++|,objective-c++-cpp-output:10.5;	    ,objective-c++-header|,objc++-cpp-output:10.5;	    :10.4}

*darwin_arch:
%{m32:i386;:x86_64}

*darwin_crt2:


*darwin_subarch:
%{m32:i386;:x86_64}

*link_command:
%{!fdump=*:%{!fsyntax-only:%{!c:%{!M:%{!MM:%{!E:%{!S:    %(linker)%{fuse-linker-plugin:    %e-fuse-linker-plugin is not supported in this configuration}%{flto*:%<fcompare-debug*}     %{flto*}     %l %X %{s} %{t} %{Z} %{u*}     %{e*} %{r}     %{o*}%{!o:-o a.out}     %{!nostdlib:%{!nostartfiles:%S}}     %{L*} %(link_libgcc) %o %{fprofile-arcs|fprofile-generate*|coverage:-lgcov}     %{fopenmp|ftree-parallelize-loops=*:       %{static|static-libgcc|static-libstdc++|static-libgfortran: libgomp.a%s; : -lgomp } }     %{fgnu-tm:       %{static|static-libgcc|static-libstdc++|static-libgfortran: libitm.a%s; : -litm } }     %{!nostdlib:%{!nodefaultlibs:      %(link_ssp) %(link_gcc_c_sequence)    }}    %{!nostdlib:%{!nostartfiles:%E}} %{T*} %{F*} }}}}}}}%{!fdump=*:%{!fsyntax-only:%{!c:%{!M:%{!MM:%{!E:%{!S:    %{v}     %{g*:%{!gstabs*:%{!g0: -idsym}}}    %{.c|.cc|.C|.cpp|.cp|.c++|.cxx|.CPP|.m|.mm|.s|.f|.f90|.f95|.f03|.f77|.for|.F|.F90|.F95|.F03:     %{g*:%{!gstabs*:%{!g0: -dsym}}}}}}}}}}}

